Processing 7 files
Start Processing: com/test/testmod/Main.java
Import: com.test.testmod.init.ModItems
Import: com.test.testmod.proxy.CommonProxy
Import: net.minecraftforge.fml.common.Mod
Import: net.minecraftforge.fml.common.SidedProxy
Import: net.minecraftforge.fml.common.Mod.EventHandler
Import: net.minecraftforge.fml.common.event.FMLInitializationEvent
Import: net.minecraftforge.fml.common.event.FMLPostInitializationEvent
Import: net.minecraftforge.fml.common.event.FMLPreInitializationEvent
End  Processing: com/test/testmod/Main.java

Start Processing: com/test/testmod/ModInfo.java
End  Processing: com/test/testmod/ModInfo.java

Start Processing: com/test/testmod/init/ModItems.java
Import: com.test.testmod.items.ItemKingPickaxe
Import: net.minecraft.client.renderer.block.model.ModelResourceLocation
Import: net.minecraft.item.Item
Import: net.minecraft.item.ItemPickaxe
Import: net.minecraftforge.client.model.ModelLoader
Import: net.minecraftforge.fml.common.registry.ForgeRegistries
End  Processing: com/test/testmod/init/ModItems.java

Start Processing: com/test/testmod/items/ItemKingPickaxe.java
New Key: class net/minecraft/item/Item
FOUND CONSTR method com/test/testmod/items/ItemKingPickaxe/ItemKingPickaxe ()V com/test/testmod/items/ItemKingPickaxe
Rename method net/minecraft/item/Item/setUnlocalizedName (Ljava/lang/String;)Lnet/minecraft/item/Item;[450,468]::setUnlocalizedName->func_77655_b
Rename method net/minecraft/item/Item/setCreativeTab (Lnet/minecraft/creativetab/CreativeTabs;)Lnet/minecraft/item/Item;[523,537]::setCreativeTab->func_77637_a
Rename field net/minecraft/creativetab/CreativeTabs/COMBAT[549,555]::COMBAT->field_78037_j
Rename method net/minecraft/item/Item/setMaxStackSize (I)Lnet/minecraft/item/Item;[574,589]::setMaxStackSize->func_77625_d
Import: net.minecraft.creativetab.CreativeTabs
Import: net.minecraft.item.Item
Import: net.minecraft.item.ItemPickaxe
Import: net.minecraftforge.common.util.EnumHelper
End  Processing: com/test/testmod/items/ItemKingPickaxe.java

Start Processing: com/test/testmod/proxy/ClientProxy.java
Import: com.test.testmod.init.ModItems
End  Processing: com/test/testmod/proxy/ClientProxy.java

Start Processing: com/test/testmod/proxy/CommonProxy.java
End  Processing: com/test/testmod/proxy/CommonProxy.java

Start Processing: com/test/testmod/proxy/ServerProxy.java
End  Processing: com/test/testmod/proxy/ServerProxy.java

